Build started 01/05/2015 16:13:20.
     1>Project "C:\Users\Ivan\Documents\GitHub\cgobjreader\Visual Studio 2013 Project\CG Obj Reader\CG Obj Reader\CG Obj Reader.vcxproj" on node 2 (Rebuild target(s)).
     1>ClCompile:
         C:\Program Files (x86)\Microsoft Visual Studio 12.0\VC\bin\CL.exe /c /I"C:\Users\Ivan\Documents\GitHub\cgobjreader\Visual Studio 2013 Project\CG Obj Reader" /AI./ /Zi /nologo /W3 /WX- /sdl /O2 /Oi /Oy- /GL /D WIN32 /D NDEBUG /D _CONSOLE /D _LIB /D _UNICODE /D UNICODE /Gm- /EHsc /MD /GS /Gy /fp:precise /Zc:wchar_t /Zc:forScope /Fo"Release\\" /Fd"Release\vc120.pdb" /Gd /TP /analyze- /errorReport:prompt GL.cpp main.cpp ObjReader.cpp ObjRenderer.cpp
         GL.cpp
     1>GL.cpp(58): warning C4018: '<' : signed/unsigned mismatch
     1>GL.cpp(64): warning C4018: '<' : signed/unsigned mismatch
     1>GL.cpp(74): warning C4018: '<' : signed/unsigned mismatch
     1>GL.cpp(149): warning C4018: '<' : signed/unsigned mismatch
         main.cpp
         ObjReader.cpp
     1>ObjReader.cpp(50): warning C4018: '<' : signed/unsigned mismatch
     1>ObjReader.cpp(143): warning C4018: '<' : signed/unsigned mismatch
         ObjRenderer.cpp
     1>ObjRenderer.cpp(15): warning C4018: '<' : signed/unsigned mismatch
     1>ObjRenderer.cpp(18): warning C4018: '<' : signed/unsigned mismatch
     1>ObjRenderer.cpp(24): warning C4018: '<' : signed/unsigned mismatch
       Link:
         C:\Program Files (x86)\Microsoft Visual Studio 12.0\VC\bin\link.exe /ERRORREPORT:PROMPT /OUT:"C:\Users\Ivan\Documents\GitHub\cgobjreader\Visual Studio 2013 Project\CG Obj Reader\Release\CG Obj Reader.exe" /INCREMENTAL /NOLOGO /LIBPATH:"C:\Users\Ivan\Documents\GitHub\cgobjreader\Visual Studio 2013 Project\CG Obj Reader\GLUT\lib" Glut32.lib kernel32.lib user32.lib gdi32.lib winspool.lib comdlg32.lib advapi32.lib shell32.lib ole32.lib oleaut32.lib uuid.lib odbc32.lib odbccp32.lib /MANIFEST /MANIFESTUAC:"level='asInvoker' uiAccess='false'" /manifest:embed /DEBUG /PDB:"C:\Users\Ivan\Documents\GitHub\cgobjreader\Visual Studio 2013 Project\CG Obj Reader\Release\CG Obj Reader.pdb" /SUBSYSTEM:CONSOLE /OPT:REF /OPT:ICF /LTCG /TLBID:1 /DYNAMICBASE /NXCOMPAT /IMPLIB:"C:\Users\Ivan\Documents\GitHub\cgobjreader\Visual Studio 2013 Project\CG Obj Reader\Release\CG Obj Reader.lib" /MACHINE:X86 /SAFESEH Release\GL.obj
         Release\main.obj
         Release\ObjReader.obj
         Release\ObjRenderer.obj
     1>LINK : warning LNK4075: ignoring '/INCREMENTAL' due to '/LTCG' specification
         Generating code
         Finished generating code
         CG Obj Reader.vcxproj -> C:\Users\Ivan\Documents\GitHub\cgobjreader\Visual Studio 2013 Project\CG Obj Reader\Release\CG Obj Reader.exe
     1>Done Building Project "C:\Users\Ivan\Documents\GitHub\cgobjreader\Visual Studio 2013 Project\CG Obj Reader\CG Obj Reader\CG Obj Reader.vcxproj" (Rebuild target(s)).

Build succeeded.

Time Elapsed 00:00:02.81
