Build started 6/23/2015 8:07:54 PM.
     1>Project "C:\Users\BCIvan\Documents\GitHub\cgobjreader\Visual Studio 2013 Project\CG Obj Reader\CG Obj Reader\CG Obj Reader.vcxproj" on node 2 (Build target(s)).
     1>ClCompile:
         C:\Program Files (x86)\Microsoft Visual Studio 12.0\VC\bin\CL.exe /c /I../ /ZI /nologo /W3 /WX- /sdl /Od /Oy- /D WIN32 /D _DEBUG /D _CONSOLE /D _LIB /D _UNICODE /D UNICODE /Gm /EHsc /RTC1 /MDd /GS /fp:precise /Zc:wchar_t /Zc:forScope /Fo"Debug\\" /Fd"Debug\vc120.pdb" /Gd /TP /analyze- /errorReport:prompt GL.cpp main.cpp ObjReader.cpp ObjRenderer.cpp ObjWriter.cpp
         ObjWriter.cpp
     1>c:\users\bcivan\documents\github\cgobjreader\visual studio 2013 project\cg obj reader\cg obj reader\objrenderer.h(59): warning C4018: '<' : signed/unsigned mismatch
     1>c:\users\bcivan\documents\github\cgobjreader\visual studio 2013 project\cg obj reader\cg obj reader\objwriter.cpp(19): warning C4018: '<' : signed/unsigned mismatch
     1>c:\users\bcivan\documents\github\cgobjreader\visual studio 2013 project\cg obj reader\cg obj reader\objwriter.cpp(29): warning C4018: '<' : signed/unsigned mismatch
     1>c:\users\bcivan\documents\github\cgobjreader\visual studio 2013 project\cg obj reader\cg obj reader\objwriter.cpp(38): warning C4018: '<' : signed/unsigned mismatch
     1>c:\users\bcivan\documents\github\cgobjreader\visual studio 2013 project\cg obj reader\cg obj reader\objwriter.cpp(47): warning C4018: '<' : signed/unsigned mismatch
     1>c:\users\bcivan\documents\github\cgobjreader\visual studio 2013 project\cg obj reader\cg obj reader\objwriter.cpp(56): warning C4018: '<' : signed/unsigned mismatch
     1>c:\users\bcivan\documents\github\cgobjreader\visual studio 2013 project\cg obj reader\cg obj reader\objwriter.cpp(64): warning C4018: '<' : signed/unsigned mismatch
     1>c:\users\bcivan\documents\github\cgobjreader\visual studio 2013 project\cg obj reader\cg obj reader\objwriter.cpp(69): warning C4018: '<' : signed/unsigned mismatch
     1>c:\users\bcivan\documents\github\cgobjreader\visual studio 2013 project\cg obj reader\cg obj reader\objwriter.cpp(76): warning C4018: '<' : signed/unsigned mismatch
     1>c:\users\bcivan\documents\github\cgobjreader\visual studio 2013 project\cg obj reader\cg obj reader\objwriter.cpp(80): warning C4018: '<' : signed/unsigned mismatch
         ObjRenderer.cpp
     1>c:\users\bcivan\documents\github\cgobjreader\visual studio 2013 project\cg obj reader\cg obj reader\objrenderer.h(59): warning C4018: '<' : signed/unsigned mismatch
     1>c:\users\bcivan\documents\github\cgobjreader\visual studio 2013 project\cg obj reader\cg obj reader\objrenderer.cpp(14): warning C4018: '<' : signed/unsigned mismatch
     1>c:\users\bcivan\documents\github\cgobjreader\visual studio 2013 project\cg obj reader\cg obj reader\objrenderer.cpp(17): warning C4018: '<' : signed/unsigned mismatch
     1>c:\users\bcivan\documents\github\cgobjreader\visual studio 2013 project\cg obj reader\cg obj reader\objrenderer.cpp(23): warning C4018: '<' : signed/unsigned mismatch
         ObjReader.cpp
     1>c:\users\bcivan\documents\github\cgobjreader\visual studio 2013 project\cg obj reader\cg obj reader\objreader.cpp(125): warning C4018: '<' : signed/unsigned mismatch
     1>c:\users\bcivan\documents\github\cgobjreader\visual studio 2013 project\cg obj reader\cg obj reader\objreader.cpp(212): warning C4018: '<' : signed/unsigned mismatch
         main.cpp
     1>c:\users\bcivan\documents\github\cgobjreader\visual studio 2013 project\cg obj reader\cg obj reader\objrenderer.h(59): warning C4018: '<' : signed/unsigned mismatch
     1>c:\users\bcivan\documents\github\cgobjreader\visual studio 2013 project\cg obj reader\cg obj reader\main.cpp(65): warning C4018: '<' : signed/unsigned mismatch
     1>c:\users\bcivan\documents\github\cgobjreader\visual studio 2013 project\cg obj reader\cg obj reader\main.cpp(84): warning C4018: '<' : signed/unsigned mismatch
     1>c:\users\bcivan\documents\github\cgobjreader\visual studio 2013 project\cg obj reader\cg obj reader\main.cpp(139): warning C4018: '<' : signed/unsigned mismatch
     1>c:\users\bcivan\documents\github\cgobjreader\visual studio 2013 project\cg obj reader\cg obj reader\main.cpp(145): warning C4018: '<' : signed/unsigned mismatch
     1>c:\users\bcivan\documents\github\cgobjreader\visual studio 2013 project\cg obj reader\cg obj reader\main.cpp(151): warning C4018: '<' : signed/unsigned mismatch
     1>c:\users\bcivan\documents\github\cgobjreader\visual studio 2013 project\cg obj reader\cg obj reader\main.cpp(168): warning C4018: '<' : signed/unsigned mismatch
     1>c:\users\bcivan\documents\github\cgobjreader\visual studio 2013 project\cg obj reader\cg obj reader\main.cpp(190): warning C4018: '>=' : signed/unsigned mismatch
     1>c:\users\bcivan\documents\github\cgobjreader\visual studio 2013 project\cg obj reader\cg obj reader\main.cpp(196): warning C4018: '<' : signed/unsigned mismatch
     1>c:\users\bcivan\documents\github\cgobjreader\visual studio 2013 project\cg obj reader\cg obj reader\main.cpp(202): warning C4018: '<' : signed/unsigned mismatch
     1>c:\users\bcivan\documents\github\cgobjreader\visual studio 2013 project\cg obj reader\cg obj reader\main.cpp(208): warning C4018: '<' : signed/unsigned mismatch
     1>c:\users\bcivan\documents\github\cgobjreader\visual studio 2013 project\cg obj reader\cg obj reader\main.cpp(214): warning C4018: '<' : signed/unsigned mismatch
     1>c:\users\bcivan\documents\github\cgobjreader\visual studio 2013 project\cg obj reader\cg obj reader\main.cpp(220): warning C4018: '<' : signed/unsigned mismatch
     1>c:\users\bcivan\documents\github\cgobjreader\visual studio 2013 project\cg obj reader\cg obj reader\main.cpp(226): warning C4018: '<' : signed/unsigned mismatch
     1>c:\users\bcivan\documents\github\cgobjreader\visual studio 2013 project\cg obj reader\cg obj reader\main.cpp(232): warning C4018: '<' : signed/unsigned mismatch
     1>c:\users\bcivan\documents\github\cgobjreader\visual studio 2013 project\cg obj reader\cg obj reader\main.cpp(238): warning C4018: '<' : signed/unsigned mismatch
     1>c:\users\bcivan\documents\github\cgobjreader\visual studio 2013 project\cg obj reader\cg obj reader\main.cpp(244): warning C4018: '<' : signed/unsigned mismatch
     1>c:\users\bcivan\documents\github\cgobjreader\visual studio 2013 project\cg obj reader\cg obj reader\main.cpp(250): warning C4018: '<' : signed/unsigned mismatch
     1>c:\users\bcivan\documents\github\cgobjreader\visual studio 2013 project\cg obj reader\cg obj reader\main.cpp(256): warning C4018: '<' : signed/unsigned mismatch
     1>c:\users\bcivan\documents\github\cgobjreader\visual studio 2013 project\cg obj reader\cg obj reader\main.cpp(262): warning C4018: '<' : signed/unsigned mismatch
         GL.cpp
     1>c:\users\bcivan\documents\github\cgobjreader\visual studio 2013 project\cg obj reader\cg obj reader\gl.cpp(58): warning C4018: '<' : signed/unsigned mismatch
     1>c:\users\bcivan\documents\github\cgobjreader\visual studio 2013 project\cg obj reader\cg obj reader\gl.cpp(64): warning C4018: '<' : signed/unsigned mismatch
     1>c:\users\bcivan\documents\github\cgobjreader\visual studio 2013 project\cg obj reader\cg obj reader\gl.cpp(74): warning C4018: '<' : signed/unsigned mismatch
     1>c:\users\bcivan\documents\github\cgobjreader\visual studio 2013 project\cg obj reader\cg obj reader\gl.cpp(178): warning C4018: '<' : signed/unsigned mismatch
         Generating Code...
       Link:
         C:\Program Files (x86)\Microsoft Visual Studio 12.0\VC\bin\link.exe /ERRORREPORT:PROMPT /OUT:"C:\Users\BCIvan\Documents\GitHub\cgobjreader\Visual Studio 2013 Project\CG Obj Reader\Debug\CG Obj Reader.exe" /INCREMENTAL:NO /NOLOGO /LIBPATH:..\GLUT\lib Glut32.lib SOIL.lib kernel32.lib user32.lib gdi32.lib winspool.lib comdlg32.lib advapi32.lib shell32.lib ole32.lib oleaut32.lib uuid.lib odbc32.lib odbccp32.lib /MANIFEST /MANIFESTUAC:"level='asInvoker' uiAccess='false'" /manifest:embed /DEBUG /PDB:"C:\Users\BCIvan\Documents\GitHub\cgobjreader\Visual Studio 2013 Project\CG Obj Reader\Debug\CG Obj Reader.pdb" /SUBSYSTEM:CONSOLE /TLBID:1 /DYNAMICBASE /NXCOMPAT /IMPLIB:"C:\Users\BCIvan\Documents\GitHub\cgobjreader\Visual Studio 2013 Project\CG Obj Reader\Debug\CG Obj Reader.lib" /MACHINE:X86 Debug\GL.obj
         Debug\main.obj
         Debug\ObjReader.obj
         Debug\ObjRenderer.obj
         Debug\ObjWriter.obj
     1>GL.obj : warning LNK4075: ignoring '/EDITANDCONTINUE' due to '/OPT:LBR' specification
         SOIL.lib(SOIL.obj) : MSIL .netmodule or module compiled with /GL found; restarting link with /LTCG; add /LTCG to the link command line to improve linker performance
     1>GL.obj : warning LNK4075: ignoring '/EDITANDCONTINUE' due to '/OPT:LBR' specification
     1>LINK : warning LNK4098: defaultlib 'MSVCRT' conflicts with use of other libs; use /NODEFAULTLIB:library
         Generating code
         Finished generating code
     1>SOIL.lib(SOIL.obj) : warning LNK4099: PDB 'vc120.pdb' was not found with 'SOIL.lib(SOIL.obj)' or at 'C:\Users\BCIvan\Documents\GitHub\cgobjreader\Visual Studio 2013 Project\CG Obj Reader\Debug\vc120.pdb'; linking object as if no debug info
     1>SOIL.lib(stb_image_aug.obj) : warning LNK4099: PDB 'vc120.pdb' was not found with 'SOIL.lib(stb_image_aug.obj)' or at 'C:\Users\BCIvan\Documents\GitHub\cgobjreader\Visual Studio 2013 Project\CG Obj Reader\Debug\vc120.pdb'; linking object as if no debug info
     1>SOIL.lib(image_helper.obj) : warning LNK4099: PDB 'vc120.pdb' was not found with 'SOIL.lib(image_helper.obj)' or at 'C:\Users\BCIvan\Documents\GitHub\cgobjreader\Visual Studio 2013 Project\CG Obj Reader\Debug\vc120.pdb'; linking object as if no debug info
     1>SOIL.lib(image_DXT.obj) : warning LNK4099: PDB 'vc120.pdb' was not found with 'SOIL.lib(image_DXT.obj)' or at 'C:\Users\BCIvan\Documents\GitHub\cgobjreader\Visual Studio 2013 Project\CG Obj Reader\Debug\vc120.pdb'; linking object as if no debug info
         CG Obj Reader.vcxproj -> C:\Users\BCIvan\Documents\GitHub\cgobjreader\Visual Studio 2013 Project\CG Obj Reader\Debug\CG Obj Reader.exe
     1>Done Building Project "C:\Users\BCIvan\Documents\GitHub\cgobjreader\Visual Studio 2013 Project\CG Obj Reader\CG Obj Reader\CG Obj Reader.vcxproj" (Build target(s)).

Build succeeded.

Time Elapsed 00:00:06.55
